15:17:59 **** Build of configuration IntelWin for project BilatTools_Intel_MKL ****
makeIntelWin.bat all 

[INTEL] : all  

Intel(R) Parallel Studio XE 2015
Copyright (C) 1985-2014 Intel Corporation. All rights reserved.
Intel(R) Parallel Studio XE 2015 Composer Edition (package 108)

==================================================================================
[CBI] -> Target Name  : BilatTools_MKL_64
[CBI] ->
[CBI] -> Build     	  : Q:/cedric.bilat/Targets/BilatTools_MKL/bin/BilatTools_MKL_64.exe
[CBI] -> Deploy       : ../RELEASE/bin
[CBI] ->
[CBI] -> Type	 	  : EXE
[CBI] -> Arch	 	  : 64
[CBI] -> OS	 		  : Win
[CBI] -> User	 	  : cedric.bilat
[CBI] ->
[CBI] -> Task		  : Compiling-Linking
==================================================================================

[CBI] -> SRC AUX (Recursif) :
[CBI] ->
[CBI] ->              : ../BilatTools_CPP/src/core

[CBI] -> CXXFLAGS (Partial) :
[CBI] ->
[CBI] ->              : /EHsc
[CBI] ->              : /MD
[CBI] ->              : /O3
[CBI] ->              : /Qmkl
[CBI] ->              : /Qopenmp
[CBI] ->              : /Qpar-threshold100
[CBI] ->              : /Qparallel
[CBI] ->              : /QxSSE4.1
[CBI] ->              : /fast
[CBI] ->              : /nologo

[CBI] -> LDFLAGS (Partial) :
[CBI] ->
[CBI] ->              : /link
[CBI] ->              : /nologo

[CBI] -> Create folder : Q:/cedric.bilat/Targets/BilatTools_MKL/bin
[CBI] -> Create folder : Q:/cedric.bilat/Targets/BilatTools_MKL/obj

MKL.cpp
main.cpp
StringTools.cpp
TabTools.cpp
Chronos.cpp
AleaTools.cpp
LimitsTools.cpp
VariateurF.cpp
VariateurI.cpp
MathTools.cpp
IndiceTools_CPU.cpp
ColorTools_CPU.cpp

[CBI] -> Linking to   : Q:/cedric.bilat/Targets/BilatTools_MKL/bin/BilatTools_MKL_64.exe

[CBI] -> Library Link :

==================================================================================
[CBI] -> Target Name  : BilatTools_MKL_64
[CBI] -> Location     : Q:/cedric.bilat/Targets/BilatTools_MKL/bin/BilatTools_MKL_64.exe
[CBI] -> Deploy 	  : ../RELEASE/bin
[CBI] ->
[CBI] -> Type	 	  : EXE
[CBI] -> Arch	 	  : 64
[CBI] -> OS	 		  : Win
[CBI] -> User	 	  : cedric.bilat
[CBI] ->
[CBI] -> Compilateur  : INTEL (icl)
[CBI] -> Task	      : End Compiling-Linking !
[CBI] -> Time		  : 15:18:03
==================================================================================


[CBI] -> Deploying    : ../RELEASE/bin/BilatTools_MKL_64.exe

[CBI] -> BilatTools_MKL_64 : End ALL!

15:18:05 Build Finished (took 5s.224ms)

