18:27:41 **** Incremental Build of configuration GCC for project OMP_Image ****
makeGCC.sh all 

--------------------------------------------------------
[Runtime] : gcc x86
--------------------------------------------------------

[Runtime] : Cuda  : /usr/local/cuda/lib64
[Runtime] : Cula  : /usr/local/cula/lib64
[Runtime] : BOOST : /opt/boost/gcc/lib
[Runtime] : MKL   : /opt/intel/mkl/lib/intel64

[Runtime] : GL         : Ready!
[Runtime] : FreeGlut   : Ready!
[Runtime] : OpenCV     : Ready!
[Runtime] : Java (JNI) : Ready!
[Runtime] : X11        : Ready!

--------------------------------------------------------
[Runtime] : gcc x86 : Ready!
--------------------------------------------------------


[GCC] : all

g++ (Ubuntu/Linaro 4.6.3-1ubuntu5) 4.6.3
Copyright (C) 2011 Free Software Foundation, Inc.
This is free software; see the source for copying conditions.  There is NO
warranty; not even for MERCHANTABILITY or FITNESS FOR A PARTICULAR PURPOSE.


==================================================================================
[CBI] -> Target Name  : OMP_Image_64
[CBI] ->
[CBI] -> Build     	  : /tmp/ramdrive/bilat/Targets/OMP_Image/bin/OMP_Image_64.run
[CBI] -> Deploy       : ../RELEASE/bin
[CBI] ->
[CBI] -> Type	 	  : EXE
[CBI] -> Arch	 	  : 64
[CBI] -> OS	 		  : Linux
[CBI] -> User	 	  : bilat
[CBI] ->
[CBI] -> Task		  : Compiling-Linking
==================================================================================

[CBI] -> SRC AUX (Recursif) :
[CBI] ->
[CBI] ->              : ../API_Bilat_DLL_Tools/INC
[CBI] ->              : ../API_Bilat_Displayable/BIN/gcc
[CBI] ->              : ../API_Bilat_Displayable/INC
[CBI] ->              : ../API_Bilat_FreeGlut_Tools/BIN/gcc
[CBI] ->              : ../API_Bilat_FreeGlut_Tools/INC
[CBI] ->              : ../API_Bilat_Image_FreeGlut/BIN/gcc
[CBI] ->              : ../API_Bilat_Image_FreeGlut/INC
[CBI] ->              : ../API_Bilat_Image_GL/BIN/gcc
[CBI] ->              : ../API_Bilat_Image_GL/INC
[CBI] ->              : ../BilatTools_CPP/src/core
[CBI] ->              : ../BilatTools_Cuda_smart_switch/src/core
[CBI] ->              : ../BilatTools_OMP/src/core
[CBI] ->              : ../BilatTools_OpenCV/src/core

[CBI] -> CXXFLAGS (Partial) :
[CBI] ->
[CBI] ->              : -DCBI_DISPLAYABLE_DLL
[CBI] ->              : -DCBI_NO_CUDA
[CBI] ->              : -O3
[CBI] ->              : -fomit-frame-pointer
[CBI] ->              : -fopenmp
[CBI] ->              : -frerun-loop-opt
[CBI] ->              : -march=corei7
[CBI] ->              : -std=c++0x

[CBI] -> LDFLAGS (Partial) :
[CBI] ->

[CBI] -> INC_PATH (auto detect):
[CBI] ->              : ../API_Bilat_DLL_Tools/INC/
[CBI] ->              : ../API_Bilat_Displayable/INC/
[CBI] ->              : ../API_Bilat_FreeGlut_Tools/INC/
[CBI] ->              : ../API_Bilat_Image_FreeGlut/INC/
[CBI] ->              : ../API_Bilat_Image_FreeGlut/INC/common/
[CBI] ->              : ../API_Bilat_Image_FreeGlut/INC/cpu/
[CBI] ->              : ../API_Bilat_Image_GL/INC/
[CBI] ->              : ../API_Bilat_Image_GL/INC/common/
[CBI] ->              : ../API_Bilat_Image_GL/INC/cpu/
[CBI] ->              : ../BilatTools_CPP/src/core/tools/header/
[CBI] ->              : ../BilatTools_CPP/src/core/tools/header/namespace_cpu/
[CBI] ->              : ../BilatTools_Cuda_smart_switch/src/core/switch/header/Image_FreeGlut/
[CBI] ->              : ../BilatTools_Cuda_smart_switch/src/core/switch/header/Image_GL/
[CBI] ->              : ../BilatTools_Cuda_smart_switch/src/core/switch/header/Image_GL/indirect/
[CBI] ->              : ../BilatTools_Cuda_smart_switch/src/core/switch/header/Image_Jni/
[CBI] ->              : ../BilatTools_Cuda_smart_switch/src/core/switch/header/tools_GPU/
[CBI] ->              : ../BilatTools_Cuda_smart_switch/src/core/switch/header/tools_switch/
[CBI] ->              : ../BilatTools_Cuda_smart_switch/src/core/switch/header/type/
[CBI] ->              : ../BilatTools_OMP/src/core/OMP_Tools/header/
[CBI] ->              : ../BilatTools_OpenCV/src/core/capture/header/
[CBI] ->              : ../BilatTools_OpenCV/src/core/viewer/image/
[CBI] ->              : ../BilatTools_OpenCV/src/core/viewer/sequence/
[CBI] ->              : src/cpp/core/01_Rippling/
[CBI] ->              : src/cpp/core/02_Mandelbrot_Julia/01_Common/
[CBI] ->              : src/cpp/core/02_Mandelbrot_Julia/02_Mandelbrot/
[CBI] ->              : src/cpp/core/02_Mandelbrot_Julia/03_Julia/


[CBI] -> LIB_PATH (auto detect):
[CBI] ->              : ../API_Bilat_Displayable/BIN/gcc/
[CBI] ->              : ../API_Bilat_FreeGlut_Tools/BIN/gcc/
[CBI] ->              : ../API_Bilat_Image_FreeGlut/BIN/gcc/
[CBI] ->              : ../API_Bilat_Image_GL/BIN/gcc/



[CBI] -> Deploying    : ../RELEASE/bin/OMP_Image_64.run

[CBI] -> OMP_Image_64 : End ALL!

18:27:42 Build Finished (took 158ms)

