02:24:18 **** Incremental Build of configuration IntelLinux for project Student_OMP_Image ****
makeIntelLinux.sh all 

--------------------------------------------------------
[Runtime] : intel x86
--------------------------------------------------------

[Runtime] : Cuda  : /usr/local/cuda/lib64
[Runtime] : Cula  : /usr/local/cula/lib64
[Runtime] : BOOST : /opt/boost/intel/lib
[Runtime] : MKL   : /opt/intel/mkl/lib/intel64

[Runtime] : Intel      : Ready!
[Runtime] : GL         : Ready!
[Runtime] : FreeGlut   : Ready!
[Runtime] : OpenCV     : Ready!
[Runtime] : Java (JNI) : Ready!
[Runtime] : X11        : Ready!

--------------------------------------------------------
[Runtime] : intel x86 : Ready!
--------------------------------------------------------


[INTEL] : all

icpc (ICC) 14.0.1 20131008
Copyright (C) 1985-2013 Intel Corporation.  All rights reserved.

==================================================================================
[CBI] -> Target Name  : Student_OMP_Image_64
[CBI] ->
[CBI] -> Build     	  : /tmp/ramdrive/mse14/Targets/Student_OMP_Image/bin/Student_OMP_Image_64.run
[CBI] -> Deploy       : ../RELEASE/bin
[CBI] ->
[CBI] -> Type	 	  : EXE
[CBI] -> Arch	 	  : 64
[CBI] -> OS	 		  : Linux
[CBI] -> User	 	  : mse14
[CBI] ->
[CBI] -> Task		  : Compiling-Linking
==================================================================================

[CBI] -> SRC AUX (Recursif) :
[CBI] ->
[CBI] ->              : ../API_Bilat_DLL_Tools/INC
[CBI] ->              : ../API_Bilat_Displayable/BIN/intelLinux
[CBI] ->              : ../API_Bilat_Displayable/INC
[CBI] ->              : ../API_Bilat_FreeGlut_Tools/BIN/intelLinux
[CBI] ->              : ../API_Bilat_FreeGlut_Tools/INC
[CBI] ->              : ../API_Bilat_Image_FreeGlut/BIN/intelLinux
[CBI] ->              : ../API_Bilat_Image_FreeGlut/INC
[CBI] ->              : ../API_Bilat_Image_GL/BIN/intelLinux
[CBI] ->              : ../API_Bilat_Image_GL/INC
[CBI] ->              : ../BilatTools_CPP/src/core
[CBI] ->              : ../BilatTools_Cuda_smart_switch/src/core
[CBI] ->              : ../BilatTools_OMP/src/core
[CBI] ->              : ../BilatTools_OpenCV/src/core

[CBI] -> CXXFLAGS (Partial) :
[CBI] ->
[CBI] ->              : -DCBI_DISPLAYABLE_DLL
[CBI] ->              : -DCBI_NO_CUDA
[CBI] ->              : -O3
[CBI] ->              : -axSSE4.2
[CBI] ->              : -fast
[CBI] ->              : -openmp
[CBI] ->              : -par-threshold100
[CBI] ->              : -parallel
[CBI] ->              : -std=c++0x

[CBI] -> LDFLAGS (Partial) :
[CBI] ->

[CBI] -> INC_PATH (auto detect):
[CBI] ->              : ../API_Bilat_DLL_Tools/INC/
[CBI] ->              : ../API_Bilat_Displayable/INC/
[CBI] ->              : ../API_Bilat_FreeGlut_Tools/INC/
[CBI] ->              : ../API_Bilat_Image_FreeGlut/INC/
[CBI] ->              : ../API_Bilat_Image_FreeGlut/INC/common/
[CBI] ->              : ../API_Bilat_Image_FreeGlut/INC/cpu/
[CBI] ->              : ../API_Bilat_Image_GL/INC/
[CBI] ->              : ../API_Bilat_Image_GL/INC/common/
[CBI] ->              : ../API_Bilat_Image_GL/INC/cpu/
[CBI] ->              : ../BilatTools_CPP/src/core/tools/header/
[CBI] ->              : ../BilatTools_CPP/src/core/tools/header/namespace_cpu/
[CBI] ->              : ../BilatTools_Cuda_smart_switch/src/core/switch/header/Image_FreeGlut/
[CBI] ->              : ../BilatTools_Cuda_smart_switch/src/core/switch/header/Image_GL/
[CBI] ->              : ../BilatTools_Cuda_smart_switch/src/core/switch/header/Image_GL/indirect/
[CBI] ->              : ../BilatTools_Cuda_smart_switch/src/core/switch/header/Image_Jni/
[CBI] ->              : ../BilatTools_Cuda_smart_switch/src/core/switch/header/tools_GPU/
[CBI] ->              : ../BilatTools_Cuda_smart_switch/src/core/switch/header/tools_switch/
[CBI] ->              : ../BilatTools_Cuda_smart_switch/src/core/switch/header/type/
[CBI] ->              : ../BilatTools_OMP/src/core/OMP_Tools/header/
[CBI] ->              : ../BilatTools_OpenCV/src/core/capture/header/
[CBI] ->              : ../BilatTools_OpenCV/src/core/viewer/image/
[CBI] ->              : ../BilatTools_OpenCV/src/core/viewer/sequence/
[CBI] ->              : src/cpp/core/01_Rippling/a_image/
[CBI] ->              : src/cpp/core/01_Rippling/b_moo/
[CBI] ->              : src/cpp/core/01_Rippling/c_math/
[CBI] ->              : src/cpp/core/01_Rippling/d_provider/
[CBI] ->              : src/cpp/core/02_Mandelbrot_Julia/a_image/
[CBI] ->              : src/cpp/core/02_Mandelbrot_Julia/b_moo/
[CBI] ->              : src/cpp/core/02_Mandelbrot_Julia/c_math/
[CBI] ->              : src/cpp/core/02_Mandelbrot_Julia/d_provider/
[CBI] ->              : src/cpp/core/03_Newton/a_image/
[CBI] ->              : src/cpp/core/03_Newton/b_moo/
[CBI] ->              : src/cpp/core/03_Newton/c_math/
[CBI] ->              : src/cpp/core/03_Newton/d_provider/
[CBI] ->              : src/cpp/core/04_Convolution/a_image/
[CBI] ->              : src/cpp/core/04_Convolution/b_moo/
[CBI] ->              : src/cpp/core/04_Convolution/c_math/
[CBI] ->              : src/cpp/core/04_Convolution/d_provider/


[CBI] -> LIB_PATH (auto detect):
[CBI] ->              : ../API_Bilat_Displayable/BIN/intelLinux/
[CBI] ->              : ../API_Bilat_FreeGlut_Tools/BIN/intelLinux/
[CBI] ->              : ../API_Bilat_Image_FreeGlut/BIN/intelLinux/
[CBI] ->              : ../API_Bilat_Image_GL/BIN/intelLinux/



[CBI] -> Deploying    : ../RELEASE/bin/Student_OMP_Image_64.run

[CBI] -> Student_OMP_Image_64 : End ALL!

02:24:18 Build Finished (took 209ms)

