00:05:55 **** Build of configuration GCC for project Student_OMP ****
makeGCC.sh all 

--------------------------------------------------------
[Runtime] : gcc x86
--------------------------------------------------------

[Runtime] : Cuda  : /usr/local/cuda/lib64
[Runtime] : Cula  : /usr/local/cula/lib64
[Runtime] : BOOST : /opt/boost/gcc/lib
[Runtime] : MKL   : /opt/intel/mkl/lib/intel64

[Runtime] : GL         : Ready!
[Runtime] : FreeGlut   : Ready!
[Runtime] : OpenCV     : Ready!
[Runtime] : Java (JNI) : Ready!
[Runtime] : X11        : Ready!

--------------------------------------------------------
[Runtime] : gcc x86 : Ready!
--------------------------------------------------------


[GCC] : all

g++ (Ubuntu/Linaro 4.6.3-1ubuntu5) 4.6.3
Copyright (C) 2011 Free Software Foundation, Inc.
This is free software; see the source for copying conditions.  There is NO
warranty; not even for MERCHANTABILITY or FITNESS FOR A PARTICULAR PURPOSE.


==================================================================================
[CBI] -> Target Name  : Student_OMP_64
[CBI] ->
[CBI] -> Build     	  : /tmp/ramdrive/mse14/Targets/Student_OMP/bin/Student_OMP_64.run
[CBI] -> Deploy       : ../RELEASE/bin
[CBI] ->
[CBI] -> Type	 	  : EXE
[CBI] -> Arch	 	  : 64
[CBI] -> OS	 		  : Linux
[CBI] -> User	 	  : mse14
[CBI] ->
[CBI] -> Task		  : Compiling-Linking
==================================================================================

[CBI] -> SRC AUX (Recursif) :
[CBI] ->
[CBI] ->              : ../API_CppTest/SRC
[CBI] ->              : ../BilatTools_CPP/src/core
[CBI] ->              : ../BilatTools_OMP/src/core

[CBI] -> CXXFLAGS (Partial) :
[CBI] ->
[CBI] ->              : -O3
[CBI] ->              : -fomit-frame-pointer
[CBI] ->              : -fopenmp
[CBI] ->              : -frerun-loop-opt
[CBI] ->              : -march=corei7
[CBI] ->              : -std=c++0x

[CBI] -> LDFLAGS (Partial) :
[CBI] ->

[CBI] -> INC_PATH (auto detect):
[CBI] ->              : ../API_CppTest/SRC/core/
[CBI] ->              : ../API_CppTest/SRC/core/extension/
[CBI] ->              : ../BilatTools_CPP/src/core/tools/header/
[CBI] ->              : ../BilatTools_CPP/src/core/tools/header/namespace_cpu/
[CBI] ->              : ../BilatTools_OMP/src/core/OMP_Tools/header/
[CBI] ->              : src/cpp/core/omp/02_pi/
[CBI] ->              : src/cpp/test/unit/01_Test_Hello/
[CBI] ->              : src/cpp/test/unit/02_Test_Pi/


[CBI] -> LIB_PATH (auto detect):

[CBI] -> Create folder : /tmp/ramdrive/mse14/Targets/Student_OMP/bin
[CBI] -> Create folder : /tmp/ramdrive/mse14/Targets/Student_OMP/obj

[Student_OMP_64] -> g++ compiling .cpp : src/main.cpp
[Student_OMP_64] -> g++ compiling .cpp : src/cpp/core/mainCore.cpp
[Student_OMP_64] -> g++ compiling .cpp : src/cpp/core/omp/01_hello/01_helloOMP.cpp
[Student_OMP_64] -> g++ compiling .cpp : src/cpp/core/omp/01_hello/useHello.cpp
[Student_OMP_64] -> g++ compiling .cpp : src/cpp/core/omp/02_pi/00_pi_tools.cpp
[Student_OMP_64] -> g++ compiling .cpp : src/cpp/core/omp/02_pi/01_pi_sequentiel.cpp
[Student_OMP_64] -> g++ compiling .cpp : src/cpp/core/omp/02_pi/02_pi_entrelacer_promotionTab.cpp
[Student_OMP_64] -> g++ compiling .cpp : src/cpp/core/omp/02_pi/03_pi_entrelacer_critique.cpp
[Student_OMP_64] -> g++ compiling .cpp : src/cpp/core/omp/02_pi/04_pi_entrelacer_atomic.cpp
[Student_OMP_64] -> g++ compiling .cpp : src/cpp/core/omp/02_pi/05_pi_for_critical.cpp
[Student_OMP_64] -> g++ compiling .cpp : src/cpp/core/omp/02_pi/06_pi_for_atomic.cpp
[Student_OMP_64] -> g++ compiling .cpp : src/cpp/core/omp/02_pi/07_pi_for_promotionTab.cpp
[Student_OMP_64] -> g++ compiling .cpp : src/cpp/core/omp/02_pi/08_pi_for_reduction.cpp
[Student_OMP_64] -> g++ compiling .cpp : src/cpp/core/omp/02_pi/usePI.cpp
[Student_OMP_64] -> g++ compiling .cpp : src/cpp/test/mainTest.cpp
[Student_OMP_64] -> g++ compiling .cpp : src/cpp/test/unit/01_Test_Hello/TestHello.cpp
[Student_OMP_64] -> g++ compiling .cpp : src/cpp/test/unit/02_Test_Pi/TestPi.cpp
[Student_OMP_64] -> g++ compiling .cpp : ../BilatTools_CPP/src/core/tools/cpp/AleaTools.cpp
[Student_OMP_64] -> g++ compiling .cpp : ../BilatTools_CPP/src/core/tools/cpp/Chronos.cpp
[Student_OMP_64] -> g++ compiling .cpp : ../BilatTools_CPP/src/core/tools/cpp/LimitsTools.cpp
[Student_OMP_64] -> g++ compiling .cpp : ../BilatTools_CPP/src/core/tools/cpp/MathTools.cpp
[Student_OMP_64] -> g++ compiling .cpp : ../BilatTools_CPP/src/core/tools/cpp/StringTools.cpp
[Student_OMP_64] -> g++ compiling .cpp : ../BilatTools_CPP/src/core/tools/cpp/TabTools.cpp
[Student_OMP_64] -> g++ compiling .cpp : ../BilatTools_CPP/src/core/tools/cpp/VariateurF.cpp
[Student_OMP_64] -> g++ compiling .cpp : ../BilatTools_CPP/src/core/tools/cpp/VariateurI.cpp
[Student_OMP_64] -> g++ compiling .cpp : ../BilatTools_CPP/src/core/tools/cpp/namespace_cpu/ColorTools_CPU.cpp
[Student_OMP_64] -> g++ compiling .cpp : ../BilatTools_CPP/src/core/tools/cpp/namespace_cpu/IndiceTools_CPU.cpp
[Student_OMP_64] -> g++ compiling .cpp : ../BilatTools_OMP/src/core/OMP_Tools/cpp/OmpTools.cpp
[Student_OMP_64] -> g++ compiling .cpp : ../API_CppTest/SRC/core/collectoroutput.cpp
[Student_OMP_64] -> g++ compiling .cpp : ../API_CppTest/SRC/core/compileroutput.cpp
[Student_OMP_64] -> g++ compiling .cpp : ../API_CppTest/SRC/core/htmloutput.cpp
[Student_OMP_64] -> g++ compiling .cpp : ../API_CppTest/SRC/core/missing.cpp
[Student_OMP_64] -> g++ compiling .cpp : ../API_CppTest/SRC/core/source.cpp
[Student_OMP_64] -> g++ compiling .cpp : ../API_CppTest/SRC/core/suite.cpp
[Student_OMP_64] -> g++ compiling .cpp : ../API_CppTest/SRC/core/textoutput.cpp
[Student_OMP_64] -> g++ compiling .cpp : ../API_CppTest/SRC/core/time.cpp
[Student_OMP_64] -> g++ compiling .cpp : ../API_CppTest/SRC/core/utils.cpp
[Student_OMP_64] -> g++ compiling .cpp : ../API_CppTest/SRC/core/extension/testTools.cpp

[CBI] -> Linking to   : /tmp/ramdrive/mse14/Targets/Student_OMP/bin/Student_OMP_64.run

[CBI] -> Library Link :
[CBI] ->              : -lgomp

==================================================================================
[CBI] -> Target Name  : Student_OMP_64
[CBI] -> Location     : /tmp/ramdrive/mse14/Targets/Student_OMP/bin/Student_OMP_64.run
[CBI] -> Deploy 	  : ../RELEASE/bin
[CBI] ->
[CBI] -> Type	 	  : EXE
[CBI] -> Arch	 	  : 64
[CBI] -> OS	 		  : Linux
[CBI] -> User	 	  : mse14
[CBI] ->
[CBI] -> Compilateur  : g++ (g++)
[CBI] -> Task	      : End Compiling-Linking !
[CBI] -> Time		  : 00:06:04
==================================================================================


[CBI] -> Deploying    : ../RELEASE/bin/Student_OMP_64.run

[CBI] -> Student_OMP_64 : End ALL!

00:06:04 Build Finished (took 8s.636ms)

