00:46:51 **** Incremental Build of configuration CudaGCC for project Student_Cuda ****
makeCudaGCC.sh all 

--------------------------------------------------------
[Runtime] : gcc x86
--------------------------------------------------------

[Runtime] : Cuda  : /usr/local/cuda/lib64
[Runtime] : Cula  : /usr/local/cula/lib64
[Runtime] : BOOST : /opt/boost/gcc/lib
[Runtime] : MKL   : /opt/intel/mkl/lib/intel64

[Runtime] : GL         : Ready!
[Runtime] : FreeGlut   : Ready!
[Runtime] : OpenCV     : Ready!
[Runtime] : Java (JNI) : Ready!
[Runtime] : X11        : Ready!

--------------------------------------------------------
[Runtime] : gcc x86 : Ready!
--------------------------------------------------------


[CUDA GCC] : all

g++ (Ubuntu/Linaro 4.6.3-1ubuntu5) 4.6.3
Copyright (C) 2011 Free Software Foundation, Inc.
This is free software; see the source for copying conditions.  There is NO
warranty; not even for MERCHANTABILITY or FITNESS FOR A PARTICULAR PURPOSE.


nvcc: NVIDIA (R) Cuda compiler driver
Copyright (c) 2005-2014 NVIDIA Corporation
Built on Thu_Jul_17_21:41:27_CDT_2014
Cuda compilation tools, release 6.5, V6.5.12


==================================================================================
[CBI] -> Target Name  : Student_Cuda_64
[CBI] ->
[CBI] -> Build        : /tmp/ramdrive/mse14/Targets/Student_Cuda/bin/Student_Cuda_64.run
[CBI] -> Deploy       : ../RELEASE/bin
[CBI] ->
[CBI] -> Type	      : EXE
[CBI] -> Arch	      : 64
[CBI] -> OS	 		  : Linux
[CBI] -> User	 	  : mse14
[CBI] ->
[CBI] -> Task		  : Compiling-Linking !
==================================================================================

[CBI] -> SRC AUX (Recursif) :
[CBI] ->
[CBI] ->              : ../BilatTools_CPP/src/core
[CBI] ->              : ../BilatTools_Cuda/src/core
[CBI] ->              : ../API_CppTest/SRC

[CBI] -> CXXFLAGS (Partial) :
[CBI] ->
[CBI] ->              : -std=c++0x
[CBI] ->              : -fopenmp
[CBI] ->              : -O3
[CBI] ->              : -frerun-loop-opt
[CBI] ->              : -fomit-frame-pointer
[CBI] ->              : -march=corei7

[CBI] -> CXXLDFLAGS (Partial) :
[CBI] ->

[CBI] -> NVCCFLAGS (Partial) :
[CBI] ->
[CBI] ->              : --fmad=true
[CBI] ->              : -arch=sm_20
[CBI] ->              : -m64
[CBI] ->              : -use_fast_math

[CBI] -> NVCCLDFLAGS (Partial) :
[CBI] ->

[CBI] -> INC_PATH (auto detect):
[CBI] ->              : ../API_CppTest/SRC/core/
[CBI] ->              : ../API_CppTest/SRC/core/extension/
[CBI] ->              : ../BilatTools_CPP/src/core/tools/header/
[CBI] ->              : ../BilatTools_CPP/src/core/tools/header/namespace_cpu/
[CBI] ->              : ../BilatTools_Cuda/src/core/cudatools/header/both/
[CBI] ->              : ../BilatTools_Cuda/src/core/cudatools/header/device/
[CBI] ->              : ../BilatTools_Cuda/src/core/cudatools/header/device/curand/
[CBI] ->              : ../BilatTools_Cuda/src/core/cudatools/header/device/reduction/
[CBI] ->              : ../BilatTools_Cuda/src/core/cudatools/header/device/synchronisation/
[CBI] ->              : ../BilatTools_Cuda/src/core/cudatools/header/host/
[CBI] ->              : ../BilatTools_Cuda/src/core/cudatools/header/mixte/
[CBI] ->              : src/cpp/core/03_pi/
[CBI] ->              : src/cpp/core/04_produit_scalaire/
[CBI] ->              : src/cpp/core/05_histogramme/
[CBI] ->              : src/cpp/core/06_montecarlo/
[CBI] ->              : src/cpp/core/07_montecarlo_multi/
[CBI] ->              : src/cpp/test/junit/01_Test_Hello/


[CBI] -> LIB_PATH (auto detect):



[CBI] -> Deploying      : ../RELEASE/bin/Student_Cuda_64.run

[CBI] -> Student_Cuda_64   : End ALL!

00:46:51 Build Finished (took 159ms)

