17:20:42 **** Build of configuration CudaGCC for project Tuto_MultiCourbes_Cuda ****
makeCudaGCC.sh all 

--------------------------------------------------------
[Runtime] : gcc x86
--------------------------------------------------------

[Runtime] : Cuda  : /usr/local/cuda/lib64
[Runtime] : Cula  : /usr/local/cula/lib64
[Runtime] : BOOST : /opt/boost/gcc/lib
[Runtime] : MKL   : /opt/intel/mkl/lib/intel64

[Runtime] : GL         : Ready!
[Runtime] : FreeGlut   : Ready!
[Runtime] : OpenCV     : Ready!
[Runtime] : Java (JNI) : Ready!
[Runtime] : X11        : Ready!

--------------------------------------------------------
[Runtime] : gcc x86 : Ready!
--------------------------------------------------------


[CUDA GCC] : all

g++ (Ubuntu/Linaro 4.6.3-1ubuntu5) 4.6.3
Copyright (C) 2011 Free Software Foundation, Inc.
This is free software; see the source for copying conditions.  There is NO
warranty; not even for MERCHANTABILITY or FITNESS FOR A PARTICULAR PURPOSE.


nvcc: NVIDIA (R) Cuda compiler driver
Copyright (c) 2005-2014 NVIDIA Corporation
Built on Thu_Jul_17_21:41:27_CDT_2014
Cuda compilation tools, release 6.5, V6.5.12


==================================================================================
[CBI] -> Target Name  : Tuto_Bilat_Cuda_MultiCourbes_64
[CBI] ->
[CBI] -> Build        : /tmp/ramdrive/stahli/Targets/Tuto_Bilat_Cuda_MultiCourbes/bin/Tuto_Bilat_Cuda_MultiCourbes_64.run
[CBI] -> Deploy       : ../RELEASE/bin
[CBI] ->
[CBI] -> Type	      : EXE
[CBI] -> Arch	      : 64
[CBI] -> OS	 		  : Linux
[CBI] -> User	 	  : stahli
[CBI] ->
[CBI] -> Task		  : Compiling-Linking !
==================================================================================

[CBI] -> SRC AUX (Recursif) :
[CBI] ->
[CBI] ->              : ../BilatTools_CPP/src/core
[CBI] ->              : ../BilatTools_Cuda/src/core
[CBI] ->              : ../BilatTools_Cuda_smart_switch/src/core
[CBI] ->              : ../API_Bilat_DLL_Tools/INC
[CBI] ->              : ../API_Bilat_GL/INC
[CBI] ->              : ../API_Bilat_GL/BIN/gcc
[CBI] ->              : ../API_Bilat_Displayable/INC
[CBI] ->              : ../API_Bilat_Displayable/BIN/gcc
[CBI] ->              : ../API_Bilat_MultiCourbes_GL_Cuda/INC
[CBI] ->              : ../API_Bilat_MultiCourbes_GL_Cuda/BIN/gcc
[CBI] ->              : ../API_Bilat_Displayable/INC
[CBI] ->              : ../API_Bilat_Displayable/BIN/gcc
[CBI] ->              : ../API_Bilat_FreeGlut_Tools/INC
[CBI] ->              : ../API_Bilat_FreeGlut_Tools/BIN/gcc
[CBI] ->              : ../API_Bilat_MultiCourbes_FreeGlut_Cuda/INC
[CBI] ->              : ../API_Bilat_MultiCourbes_FreeGlut_Cuda/BIN/gcc

[CBI] -> CXXFLAGS (Partial) :
[CBI] ->
[CBI] ->              : -std=c++0x
[CBI] ->              : -fopenmp
[CBI] ->              : -DCBI_DISPLAYABLE_DLL
[CBI] ->              : -O3
[CBI] ->              : -frerun-loop-opt
[CBI] ->              : -fomit-frame-pointer
[CBI] ->              : -march=corei7

[CBI] -> CXXLDFLAGS (Partial) :
[CBI] ->

[CBI] -> NVCCFLAGS (Partial) :
[CBI] ->
[CBI] ->              : --fmad=true
[CBI] ->              : -arch=sm_20
[CBI] ->              : -m64
[CBI] ->              : -use_fast_math

[CBI] -> NVCCLDFLAGS (Partial) :
[CBI] ->

[CBI] -> INC_PATH (auto detect):
[CBI] ->              : ../API_Bilat_DLL_Tools/INC/
[CBI] ->              : ../API_Bilat_Displayable/INC/
[CBI] ->              : ../API_Bilat_FreeGlut_Tools/INC/
[CBI] ->              : ../API_Bilat_GL/INC/
[CBI] ->              : ../API_Bilat_MultiCourbes_FreeGlut_Cuda/INC/
[CBI] ->              : ../API_Bilat_MultiCourbes_GL_Cuda/INC/
[CBI] ->              : ../BilatTools_CPP/src/core/tools/header/
[CBI] ->              : ../BilatTools_CPP/src/core/tools/header/namespace_cpu/
[CBI] ->              : ../BilatTools_Cuda/src/core/cudatools/header/both/
[CBI] ->              : ../BilatTools_Cuda/src/core/cudatools/header/device/
[CBI] ->              : ../BilatTools_Cuda/src/core/cudatools/header/device/curand/
[CBI] ->              : ../BilatTools_Cuda/src/core/cudatools/header/device/reduction/
[CBI] ->              : ../BilatTools_Cuda/src/core/cudatools/header/device/synchronisation/
[CBI] ->              : ../BilatTools_Cuda/src/core/cudatools/header/host/
[CBI] ->              : ../BilatTools_Cuda/src/core/cudatools/header/mixte/
[CBI] ->              : ../BilatTools_Cuda_smart_switch/src/core/switch/header/Image_FreeGlut/
[CBI] ->              : ../BilatTools_Cuda_smart_switch/src/core/switch/header/Image_GL/
[CBI] ->              : ../BilatTools_Cuda_smart_switch/src/core/switch/header/Image_GL/indirect/
[CBI] ->              : ../BilatTools_Cuda_smart_switch/src/core/switch/header/Image_Jni/
[CBI] ->              : ../BilatTools_Cuda_smart_switch/src/core/switch/header/tools_GPU/
[CBI] ->              : ../BilatTools_Cuda_smart_switch/src/core/switch/header/tools_switch/
[CBI] ->              : ../BilatTools_Cuda_smart_switch/src/core/switch/header/type/
[CBI] ->              : src/cpp/core/01_warm_up/
[CBI] ->              : src/cpp/core/01_warm_up/01_MultiCourbe_API/
[CBI] ->              : src/cpp/core/01_warm_up/02_cuda/host/
[CBI] ->              : src/cpp/core/01_warm_up/03_math/


[CBI] -> LIB_PATH (auto detect):
[CBI] ->              : ../API_Bilat_Displayable/BIN/gcc/
[CBI] ->              : ../API_Bilat_FreeGlut_Tools/BIN/gcc/
[CBI] ->              : ../API_Bilat_GL/BIN/gcc/
[CBI] ->              : ../API_Bilat_MultiCourbes_FreeGlut_Cuda/BIN/gcc/
[CBI] ->              : ../API_Bilat_MultiCourbes_GL_Cuda/BIN/gcc/

[CBI] -> Create folder : /tmp/ramdrive/stahli/Targets/Tuto_Bilat_Cuda_MultiCourbes/bin
[CBI] -> Create folder : /tmp/ramdrive/stahli/Targets/Tuto_Bilat_Cuda_MultiCourbes/obj
[CBI] -> Create folder : /tmp/ramdrive/stahli/Targets/Tuto_Bilat_Cuda_MultiCourbes/cubin

[Tuto_Bilat_Cuda_MultiCourbes_64] -> g++ compiling .cpp : src/main.cpp
[Tuto_Bilat_Cuda_MultiCourbes_64] -> g++ compiling .cpp : src/cpp/core/mainCore.cpp
[Tuto_Bilat_Cuda_MultiCourbes_64] -> g++ compiling .cpp : src/cpp/core/01_warm_up/ProviderMultiCourbeMOO.cpp
[Tuto_Bilat_Cuda_MultiCourbes_64] -> g++ compiling .cpp : src/cpp/core/01_warm_up/01_MultiCourbe_API/MultiCourbesSampleMOO.cpp
[Tuto_Bilat_Cuda_MultiCourbes_64] -> g++ compiling .cpp : ../BilatTools_CPP/src/core/tools/cpp/AleaTools.cpp
[Tuto_Bilat_Cuda_MultiCourbes_64] -> g++ compiling .cpp : ../BilatTools_CPP/src/core/tools/cpp/Chronos.cpp
[Tuto_Bilat_Cuda_MultiCourbes_64] -> g++ compiling .cpp : ../BilatTools_CPP/src/core/tools/cpp/LimitsTools.cpp
[Tuto_Bilat_Cuda_MultiCourbes_64] -> g++ compiling .cpp : ../BilatTools_CPP/src/core/tools/cpp/MathTools.cpp
[Tuto_Bilat_Cuda_MultiCourbes_64] -> g++ compiling .cpp : ../BilatTools_CPP/src/core/tools/cpp/StringTools.cpp
[Tuto_Bilat_Cuda_MultiCourbes_64] -> g++ compiling .cpp : ../BilatTools_CPP/src/core/tools/cpp/TabTools.cpp
[Tuto_Bilat_Cuda_MultiCourbes_64] -> g++ compiling .cpp : ../BilatTools_CPP/src/core/tools/cpp/VariateurF.cpp
[Tuto_Bilat_Cuda_MultiCourbes_64] -> g++ compiling .cpp : ../BilatTools_CPP/src/core/tools/cpp/VariateurI.cpp
[Tuto_Bilat_Cuda_MultiCourbes_64] -> g++ compiling .cpp : ../BilatTools_CPP/src/core/tools/cpp/namespace_cpu/ColorTools_CPU.cpp
[Tuto_Bilat_Cuda_MultiCourbes_64] -> g++ compiling .cpp : ../BilatTools_CPP/src/core/tools/cpp/namespace_cpu/IndiceTools_CPU.cpp
[Tuto_Bilat_Cuda_MultiCourbes_64] -> g++ compiling .cpp : ../BilatTools_Cuda/src/core/cudatools/cpp/cudaTools.cpp
[Tuto_Bilat_Cuda_MultiCourbes_64] -> g++ compiling .cpp : ../BilatTools_Cuda/src/core/cudatools/cpp/Device.cpp
[Tuto_Bilat_Cuda_MultiCourbes_64] -> nvcc compiling .cu : src/cpp/core/01_warm_up/02_cuda/host/DataProviderSample.cu
[Tuto_Bilat_Cuda_MultiCourbes_64] -> nvcc compiling .cu : src/cpp/core/01_warm_up/02_cuda/device/DataProviderSampleKernel.cu

[CBI] -> Linking to   : /tmp/ramdrive/stahli/Targets/Tuto_Bilat_Cuda_MultiCourbes/bin/Tuto_Bilat_Cuda_MultiCourbes_64.run

[CBI] -> Library Link :
[CBI] ->
[CBI] ->              : -L/usr/lib/x86_64-linux-gnu
[CBI] ->              : -lBilat_Displayable_004_64
[CBI] ->              : -lBilat_FreeGlut_Tools_006_64
[CBI] ->              : -lBilat_GL_003_64
[CBI] ->              : -lBilat_MultiCourbes_FreeGlut_Cuda_65_001_64
[CBI] ->              : -lBilat_MultiCourbes_GL_Cuda_65_001_64
[CBI] ->              : -lGL
[CBI] ->              : -lGLEW
[CBI] ->              : -lGLU
[CBI] ->              : -lX11
[CBI] ->              : -lcublas
[CBI] ->              : -lcudart
[CBI] ->              : -lcufft
[CBI] ->              : -lcuinj64
[CBI] ->              : -lcurand
[CBI] ->              : -lcusparse
[CBI] ->              : -lglut
[CBI] ->              : -lgomp


==================================================================================
[CBI] -> Target Name  : Tuto_Bilat_Cuda_MultiCourbes_64
[CBI] -> Location     : /tmp/ramdrive/stahli/Targets/Tuto_Bilat_Cuda_MultiCourbes/bin/Tuto_Bilat_Cuda_MultiCourbes_64.run
[CBI] -> Deploy 	  : ../RELEASE/bin
[CBI] ->
[CBI] -> Type	 	  : EXE
[CBI] -> Arch	 	  : 64
[CBI] -> OS	 	      : Linux
[CBI] -> User	 	  : stahli
[CBI] ->
[CBI] -> Compilateur  : g++) && nvcc
[CBI] -> Task		  : End Compiling-Linking !
[CBI] -> Time	      : 17:20:53
==================================================================================


[CBI] -> Deploying      : ../RELEASE/bin/Tuto_Bilat_Cuda_MultiCourbes_64.run

[CBI] -> Tuto_Bilat_Cuda_MultiCourbes_64   : End ALL!

17:20:53 Build Finished (took 11s.9ms)

