17:23:07 **** Build of configuration CudaGCC for project Tuto_Image_Cuda_JNI ****
makeCudaGCC.sh all 

--------------------------------------------------------
[Runtime] : gcc x86
--------------------------------------------------------

[Runtime] : Cuda  : /usr/local/cuda/lib64
[Runtime] : Cula  : /usr/local/cula/lib64
[Runtime] : BOOST : /opt/boost/gcc/lib
[Runtime] : MKL   : /opt/intel/mkl/lib/intel64

[Runtime] : GL         : Ready!
[Runtime] : FreeGlut   : Ready!
[Runtime] : OpenCV     : Ready!
[Runtime] : Java (JNI) : Ready!
[Runtime] : X11        : Ready!

--------------------------------------------------------
[Runtime] : gcc x86 : Ready!
--------------------------------------------------------


[CUDA GCC] : all

g++ (Ubuntu/Linaro 4.6.3-1ubuntu5) 4.6.3
Copyright (C) 2011 Free Software Foundation, Inc.
This is free software; see the source for copying conditions.  There is NO
warranty; not even for MERCHANTABILITY or FITNESS FOR A PARTICULAR PURPOSE.


nvcc: NVIDIA (R) Cuda compiler driver
Copyright (c) 2005-2014 NVIDIA Corporation
Built on Thu_Jul_17_21:41:27_CDT_2014
Cuda compilation tools, release 6.5, V6.5.12


==================================================================================
[CBI] -> Target Name  : Tuto_Image_CUDA_JNI_64
[CBI] ->
[CBI] -> Build        : /tmp/ramdrive/stahli/Targets/Tuto_Image_CUDA_JNI/bin/libTuto_Image_CUDA_JNI_64.so
[CBI] -> Deploy       : ../RELEASE/bin
[CBI] ->
[CBI] -> Type	      : SHARED_LIB
[CBI] -> Arch	      : 64
[CBI] -> OS	 		  : Linux
[CBI] -> User	 	  : stahli
[CBI] ->
[CBI] -> Task		  : Compiling-Linking !
==================================================================================

[CBI] -> SRC AUX (Recursif) :
[CBI] ->
[CBI] ->              : ../BilatTools_CPP/src/core
[CBI] ->              : ../BilatTools_Cuda/src/core
[CBI] ->              : ../BilatTools_OMP/src/core
[CBI] ->              : ../BilatTools_Cuda_smart_switch/src/core
[CBI] ->              : ../API_Bilat_DLL_Tools/INC
[CBI] ->              : ../API_Bilat_Displayable/INC
[CBI] ->              : ../API_Bilat_Displayable/BIN/gcc
[CBI] ->              : ../API_Bilat_Image_GL/INC
[CBI] ->              : ../API_Bilat_Image_GL/BIN/gcc
[CBI] ->              : ../API_Bilat_Image_GL_Cuda/INC
[CBI] ->              : ../API_Bilat_Image_GL_Cuda/BIN/gcc
[CBI] ->              : ../API_Bilat_Displayable/INC
[CBI] ->              : ../API_Bilat_Displayable/BIN/gcc
[CBI] ->              : ../API_Bilat_Canvas_JNI/INC
[CBI] ->              : ../API_Bilat_Canvas_JNI/BIN/gcc
[CBI] ->              : ../API_Bilat_Image_JNI/INC
[CBI] ->              : ../API_Bilat_Image_JNI/INC
[CBI] ->              : ../API_Bilat_Image_JNI/BIN/gcc
[CBI] ->              : ../API_Bilat_Image_JNI_Cuda/INC
[CBI] ->              : ../API_Bilat_Image_JNI_Cuda/BIN/gcc

[CBI] -> CXXFLAGS (Partial) :
[CBI] ->
[CBI] ->              : -fPIC
[CBI] ->              : -fvisibility=hidden
[CBI] ->              : -std=c++0x
[CBI] ->              : -fopenmp
[CBI] ->              : -DCBI_DISPLAYABLE_DLL
[CBI] ->              : -O3
[CBI] ->              : -frerun-loop-opt
[CBI] ->              : -fomit-frame-pointer
[CBI] ->              : -march=corei7

[CBI] -> CXXLDFLAGS (Partial) :
[CBI] ->

[CBI] -> NVCCFLAGS (Partial) :
[CBI] ->
[CBI] ->              : --fmad=true
[CBI] ->              : -arch=sm_20
[CBI] ->              : -m64
[CBI] ->              : -use_fast_math

[CBI] -> NVCCLDFLAGS (Partial) :
[CBI] ->
[CBI] ->              : -shared

[CBI] -> INC_PATH (auto detect):
[CBI] ->              : ../API_Bilat_Canvas_JNI/INC/
[CBI] ->              : ../API_Bilat_Canvas_JNI/INC/private/
[CBI] ->              : ../API_Bilat_DLL_Tools/INC/
[CBI] ->              : ../API_Bilat_Displayable/INC/
[CBI] ->              : ../API_Bilat_Image_GL/INC/
[CBI] ->              : ../API_Bilat_Image_GL/INC/common/
[CBI] ->              : ../API_Bilat_Image_GL/INC/cpu/
[CBI] ->              : ../API_Bilat_Image_GL_Cuda/INC/
[CBI] ->              : ../API_Bilat_Image_GL_Cuda/INC/gpu/
[CBI] ->              : ../API_Bilat_Image_JNI/INC/
[CBI] ->              : ../API_Bilat_Image_JNI/INC/common/
[CBI] ->              : ../API_Bilat_Image_JNI/INC/cpu/
[CBI] ->              : ../API_Bilat_Image_JNI_Cuda/INC/
[CBI] ->              : ../API_Bilat_Image_JNI_Cuda/INC/gpu/
[CBI] ->              : ../BilatTools_CPP/src/core/tools/header/
[CBI] ->              : ../BilatTools_CPP/src/core/tools/header/namespace_cpu/
[CBI] ->              : ../BilatTools_Cuda/src/core/cudatools/header/both/
[CBI] ->              : ../BilatTools_Cuda/src/core/cudatools/header/device/
[CBI] ->              : ../BilatTools_Cuda/src/core/cudatools/header/device/curand/
[CBI] ->              : ../BilatTools_Cuda/src/core/cudatools/header/device/reduction/
[CBI] ->              : ../BilatTools_Cuda/src/core/cudatools/header/device/synchronisation/
[CBI] ->              : ../BilatTools_Cuda/src/core/cudatools/header/host/
[CBI] ->              : ../BilatTools_Cuda/src/core/cudatools/header/mixte/
[CBI] ->              : ../BilatTools_Cuda_smart_switch/src/core/switch/header/Image_FreeGlut/
[CBI] ->              : ../BilatTools_Cuda_smart_switch/src/core/switch/header/Image_GL/
[CBI] ->              : ../BilatTools_Cuda_smart_switch/src/core/switch/header/Image_GL/indirect/
[CBI] ->              : ../BilatTools_Cuda_smart_switch/src/core/switch/header/Image_Jni/
[CBI] ->              : ../BilatTools_Cuda_smart_switch/src/core/switch/header/tools_GPU/
[CBI] ->              : ../BilatTools_Cuda_smart_switch/src/core/switch/header/tools_switch/
[CBI] ->              : ../BilatTools_Cuda_smart_switch/src/core/switch/header/type/
[CBI] ->              : ../BilatTools_OMP/src/core/OMP_Tools/header/
[CBI] ->              : src/cpp/core/01_Hello/01_toScenario/
[CBI] ->              : src/cpp/core/01_Hello/02_scenario_cuda/
[CBI] ->              : src/cpp/core/01_Hello/04_imageAPI/cuda/
[CBI] ->              : src/cpp/core/01_Hello/05_math/


[CBI] -> LIB_PATH (auto detect):
[CBI] ->              : ../API_Bilat_Canvas_JNI/BIN/gcc/
[CBI] ->              : ../API_Bilat_Displayable/BIN/gcc/
[CBI] ->              : ../API_Bilat_Image_GL/BIN/gcc/
[CBI] ->              : ../API_Bilat_Image_GL_Cuda/BIN/gcc/
[CBI] ->              : ../API_Bilat_Image_JNI/BIN/gcc/
[CBI] ->              : ../API_Bilat_Image_JNI_Cuda/BIN/gcc/

[CBI] -> Create folder : /tmp/ramdrive/stahli/Targets/Tuto_Image_CUDA_JNI/bin
[CBI] -> Create folder : /tmp/ramdrive/stahli/Targets/Tuto_Image_CUDA_JNI/obj
[CBI] -> Create folder : /tmp/ramdrive/stahli/Targets/Tuto_Image_CUDA_JNI/cubin

[Tuto_Image_CUDA_JNI_64] -> g++ compiling .cpp : src/cpp/core/01_Hello/00_JNI/hello_jni.cpp
[Tuto_Image_CUDA_JNI_64] -> g++ compiling .cpp : src/cpp/core/01_Hello/04_imageAPI/cuda/HelloImageCudaMOO.cpp
[Tuto_Image_CUDA_JNI_64] -> g++ compiling .cpp : src/cpp/core/01_Hello/01_toScenario/hello.cpp
[Tuto_Image_CUDA_JNI_64] -> g++ compiling .cpp : src/cpp/core/01_Hello/02_scenario_cuda/ImageScenarioHelloCuda.cpp
[Tuto_Image_CUDA_JNI_64] -> g++ compiling .cpp : ../BilatTools_CPP/src/core/tools/cpp/AleaTools.cpp
[Tuto_Image_CUDA_JNI_64] -> g++ compiling .cpp : ../BilatTools_CPP/src/core/tools/cpp/Chronos.cpp
[Tuto_Image_CUDA_JNI_64] -> g++ compiling .cpp : ../BilatTools_CPP/src/core/tools/cpp/LimitsTools.cpp
[Tuto_Image_CUDA_JNI_64] -> g++ compiling .cpp : ../BilatTools_CPP/src/core/tools/cpp/MathTools.cpp
[Tuto_Image_CUDA_JNI_64] -> g++ compiling .cpp : ../BilatTools_CPP/src/core/tools/cpp/StringTools.cpp
[Tuto_Image_CUDA_JNI_64] -> g++ compiling .cpp : ../BilatTools_CPP/src/core/tools/cpp/TabTools.cpp
[Tuto_Image_CUDA_JNI_64] -> g++ compiling .cpp : ../BilatTools_CPP/src/core/tools/cpp/VariateurF.cpp
[Tuto_Image_CUDA_JNI_64] -> g++ compiling .cpp : ../BilatTools_CPP/src/core/tools/cpp/VariateurI.cpp
[Tuto_Image_CUDA_JNI_64] -> g++ compiling .cpp : ../BilatTools_CPP/src/core/tools/cpp/namespace_cpu/ColorTools_CPU.cpp
[Tuto_Image_CUDA_JNI_64] -> g++ compiling .cpp : ../BilatTools_CPP/src/core/tools/cpp/namespace_cpu/IndiceTools_CPU.cpp
[Tuto_Image_CUDA_JNI_64] -> g++ compiling .cpp : ../BilatTools_Cuda/src/core/cudatools/cpp/cudaTools.cpp
[Tuto_Image_CUDA_JNI_64] -> g++ compiling .cpp : ../BilatTools_Cuda/src/core/cudatools/cpp/Device.cpp
[Tuto_Image_CUDA_JNI_64] -> g++ compiling .cpp : ../BilatTools_OMP/src/core/OMP_Tools/cpp/OmpTools.cpp
[Tuto_Image_CUDA_JNI_64] -> nvcc compiling .cu : src/cpp/core/01_Hello/05_cuda_kernel/hello_cuda.cu

[CBI] -> Linking to   : /tmp/ramdrive/stahli/Targets/Tuto_Image_CUDA_JNI/bin/libTuto_Image_CUDA_JNI_64.so

[CBI] -> Library Link :
[CBI] ->
[CBI] ->              : -L/usr/lib/x86_64-linux-gnu
[CBI] ->              : -lBilat_Canvas_JNI_001_64
[CBI] ->              : -lBilat_Displayable_004_64
[CBI] ->              : -lBilat_Image_GL_005_64
[CBI] ->              : -lBilat_Image_GL_Cuda_65_004_64
[CBI] ->              : -lBilat_Image_JNI_001_64
[CBI] ->              : -lBilat_Image_JNI_Cuda_65_001_64
[CBI] ->              : -lGL
[CBI] ->              : -lGLEW
[CBI] ->              : -lGLU
[CBI] ->              : -lX11
[CBI] ->              : -lc
[CBI] ->              : -lcublas
[CBI] ->              : -lcudart
[CBI] ->              : -lcufft
[CBI] ->              : -lcuinj64
[CBI] ->              : -lcurand
[CBI] ->              : -lcusparse
[CBI] ->              : -lgomp
[CBI] ->              : -ljawt
[CBI] ->              : -lmawt


==================================================================================
[CBI] -> Target Name  : Tuto_Image_CUDA_JNI_64
[CBI] -> Location     : /tmp/ramdrive/stahli/Targets/Tuto_Image_CUDA_JNI/bin/libTuto_Image_CUDA_JNI_64.so
[CBI] -> Deploy 	  : ../RELEASE/bin
[CBI] ->
[CBI] -> Type	 	  : SHARED_LIB
[CBI] -> Arch	 	  : 64
[CBI] -> OS	 	      : Linux
[CBI] -> User	 	  : stahli
[CBI] ->
[CBI] -> Compilateur  : g++) && nvcc
[CBI] -> Task		  : End Compiling-Linking !
[CBI] -> Time	      : 17:23:13
==================================================================================


[CBI] -> Deploying      : ../RELEASE/bin/libTuto_Image_CUDA_JNI_64.so

[CBI] -> Tuto_Image_CUDA_JNI_64   : End ALL!

17:23:13 Build Finished (took 6s.830ms)

