17:22:58 **** Build of configuration GCC for project Tuto_Graphe_JNI ****
makeGCC.sh all 

--------------------------------------------------------
[Runtime] : gcc x86
--------------------------------------------------------

[Runtime] : Cuda  : /usr/local/cuda/lib64
[Runtime] : Cula  : /usr/local/cula/lib64
[Runtime] : BOOST : /opt/boost/gcc/lib
[Runtime] : MKL   : /opt/intel/mkl/lib/intel64

[Runtime] : GL         : Ready!
[Runtime] : FreeGlut   : Ready!
[Runtime] : OpenCV     : Ready!
[Runtime] : Java (JNI) : Ready!
[Runtime] : X11        : Ready!

--------------------------------------------------------
[Runtime] : gcc x86 : Ready!
--------------------------------------------------------


[GCC] : all

g++ (Ubuntu/Linaro 4.6.3-1ubuntu5) 4.6.3
Copyright (C) 2011 Free Software Foundation, Inc.
This is free software; see the source for copying conditions.  There is NO
warranty; not even for MERCHANTABILITY or FITNESS FOR A PARTICULAR PURPOSE.


==================================================================================
[CBI] -> Target Name  : Tuto_Graph_JNI_64
[CBI] ->
[CBI] -> Build     	  : /tmp/ramdrive/stahli/Targets/Tuto_Graph_JNI/bin/libTuto_Graph_JNI_64.so
[CBI] -> Deploy       : ../RELEASE/bin
[CBI] ->
[CBI] -> Type	 	  : SHARED_LIB
[CBI] -> Arch	 	  : 64
[CBI] -> OS	 		  : Linux
[CBI] -> User	 	  : stahli
[CBI] ->
[CBI] -> Task		  : Compiling-Linking
==================================================================================

[CBI] -> SRC AUX (Recursif) :
[CBI] ->
[CBI] ->              : ../API_Bilat_Canvas_JNI/BIN/gcc
[CBI] ->              : ../API_Bilat_Canvas_JNI/INC
[CBI] ->              : ../API_Bilat_DLL_Tools/INC
[CBI] ->              : ../API_Bilat_Displayable/BIN/gcc
[CBI] ->              : ../API_Bilat_Displayable/INC
[CBI] ->              : ../API_Bilat_GL/BIN/gcc
[CBI] ->              : ../API_Bilat_GL/INC
[CBI] ->              : ../API_Bilat_Graph2D/BIN/gcc
[CBI] ->              : ../API_Bilat_Graph2D/INC
[CBI] ->              : ../BilatTools_CPP/src/core

[CBI] -> CXXFLAGS (Partial) :
[CBI] ->
[CBI] ->              : -DCBI_DISPLAYABLE_DLL
[CBI] ->              : -DCBI_GRAPH_DLL
[CBI] ->              : -O3
[CBI] ->              : -fPIC
[CBI] ->              : -fomit-frame-pointer
[CBI] ->              : -fpermissive
[CBI] ->              : -frerun-loop-opt
[CBI] ->              : -fvisibility=hidden
[CBI] ->              : -march=corei7
[CBI] ->              : -std=c++0x

[CBI] -> LDFLAGS (Partial) :
[CBI] ->
[CBI] ->              : -shared

[CBI] -> INC_PATH (auto detect):
[CBI] ->              : ../API_Bilat_Canvas_JNI/INC/
[CBI] ->              : ../API_Bilat_Canvas_JNI/INC/private/
[CBI] ->              : ../API_Bilat_DLL_Tools/INC/
[CBI] ->              : ../API_Bilat_Displayable/INC/
[CBI] ->              : ../API_Bilat_GL/INC/
[CBI] ->              : ../API_Bilat_Graph2D/INC/
[CBI] ->              : ../API_Bilat_Graph2D/INC/model/
[CBI] ->              : ../API_Bilat_Graph2D/INC/view/
[CBI] ->              : ../BilatTools_CPP/src/core/tools/header/
[CBI] ->              : ../BilatTools_CPP/src/core/tools/header/namespace_cpu/
[CBI] ->              : src/cpp/core/01_sinus/02_toScenario/
[CBI] ->              : src/cpp/core/01_sinus/03_Scenario/
[CBI] ->              : src/cpp/core/01_sinus/04_graphAPI/01_GraphSinus/
[CBI] ->              : src/cpp/core/01_sinus/04_graphAPI/02_CurveSin/


[CBI] -> LIB_PATH (auto detect):
[CBI] ->              : ../API_Bilat_Canvas_JNI/BIN/gcc/
[CBI] ->              : ../API_Bilat_Displayable/BIN/gcc/
[CBI] ->              : ../API_Bilat_GL/BIN/gcc/
[CBI] ->              : ../API_Bilat_Graph2D/BIN/gcc/

[CBI] -> Create folder : /tmp/ramdrive/stahli/Targets/Tuto_Graph_JNI/bin
[CBI] -> Create folder : /tmp/ramdrive/stahli/Targets/Tuto_Graph_JNI/obj

[Tuto_Graph_JNI_64] -> g++ compiling .cpp : src/cpp/core/01_sinus/02_toScenario/sinus.cpp
[Tuto_Graph_JNI_64] -> g++ compiling .cpp : src/cpp/core/01_sinus/03_Scenario/SinusScenario.cpp
[Tuto_Graph_JNI_64] -> g++ compiling .cpp : src/cpp/core/01_sinus/04_graphAPI/02_CurveSin/SinusCurve.cpp
[Tuto_Graph_JNI_64] -> g++ compiling .cpp : src/cpp/core/01_sinus/04_graphAPI/01_GraphSinus/GraphSinus.cpp
[Tuto_Graph_JNI_64] -> g++ compiling .cpp : src/cpp/core/01_sinus/01_JNI/sinus_jni.cpp
[Tuto_Graph_JNI_64] -> g++ compiling .cpp : ../BilatTools_CPP/src/core/tools/cpp/AleaTools.cpp
[Tuto_Graph_JNI_64] -> g++ compiling .cpp : ../BilatTools_CPP/src/core/tools/cpp/Chronos.cpp
[Tuto_Graph_JNI_64] -> g++ compiling .cpp : ../BilatTools_CPP/src/core/tools/cpp/LimitsTools.cpp
[Tuto_Graph_JNI_64] -> g++ compiling .cpp : ../BilatTools_CPP/src/core/tools/cpp/MathTools.cpp
[Tuto_Graph_JNI_64] -> g++ compiling .cpp : ../BilatTools_CPP/src/core/tools/cpp/StringTools.cpp
[Tuto_Graph_JNI_64] -> g++ compiling .cpp : ../BilatTools_CPP/src/core/tools/cpp/TabTools.cpp
[Tuto_Graph_JNI_64] -> g++ compiling .cpp : ../BilatTools_CPP/src/core/tools/cpp/VariateurF.cpp
[Tuto_Graph_JNI_64] -> g++ compiling .cpp : ../BilatTools_CPP/src/core/tools/cpp/VariateurI.cpp
[Tuto_Graph_JNI_64] -> g++ compiling .cpp : ../BilatTools_CPP/src/core/tools/cpp/namespace_cpu/ColorTools_CPU.cpp
[Tuto_Graph_JNI_64] -> g++ compiling .cpp : ../BilatTools_CPP/src/core/tools/cpp/namespace_cpu/IndiceTools_CPU.cpp

[Tuto_Graph_JNI_64] -> Linking to   : /tmp/ramdrive/stahli/Targets/Tuto_Graph_JNI/bin/libTuto_Graph_JNI_64.so

[Tuto_Graph_JNI_64] -> Library Link :

[CBI] ->              : -L/usr/lib/x86_64-linux-gnu
[CBI] ->              : -lBilat_Canvas_JNI_001_64
[CBI] ->              : -lBilat_Displayable_004_64
[CBI] ->              : -lBilat_GL_003_64
[CBI] ->              : -lBilat_Graph2D_001_64
[CBI] ->              : -lGL
[CBI] ->              : -lGLEW
[CBI] ->              : -lGLU
[CBI] ->              : -lX11
[CBI] ->              : -lc
[CBI] ->              : -ljawt
[CBI] ->              : -lmawt


==================================================================================
[CBI] -> Target Name  : Tuto_Graph_JNI_64
[CBI] -> Location     : /tmp/ramdrive/stahli/Targets/Tuto_Graph_JNI/bin/libTuto_Graph_JNI_64.so
[CBI] -> Deploy 	  : ../RELEASE/bin
[CBI] ->
[CBI] -> Type	 	  : SHARED_LIB
[CBI] -> Arch	 	  : 64
[CBI] -> OS	 		  : Linux
[CBI] -> User	 	  : stahli
[CBI] ->
[CBI] -> Compilateur  : g++ (g++)
[CBI] -> Task	      : End Compiling-Linking !
[CBI] -> Time		  : 17:23:01
==================================================================================


[CBI] -> Deploying    : ../RELEASE/bin/libTuto_Graph_JNI_64.so

[CBI] -> Tuto_Graph_JNI_64 : End ALL!

17:23:01 Build Finished (took 3s.267ms)

